\BOOKMARK [1][-]{section.1}{\376\377\000I\000n\000t\000r\000o\000d\000u\000c\000t\000i\000o\000n}{}% 1
\BOOKMARK [1][-]{section.2}{\376\377\000P\000o\000p\000u\000l\000a\000t\000i\000o\000n\000\040\000s\000y\000n\000t\000h\000e\000s\000i\000s}{}% 2
\BOOKMARK [1][-]{section.3}{\376\377\000E\000v\000o\000l\000u\000t\000i\000o\000n\000\040\000m\000e\000t\000h\000o\000d\000o\000l\000o\000g\000y}{}% 3
\BOOKMARK [1][-]{section.4}{\376\377\000E\000v\000o\000l\000u\000t\000i\000o\000n\000\040\000a\000n\000d\000\040\000d\000e\000t\000e\000c\000t\000i\000o\000n}{}% 4
\BOOKMARK [2][-]{subsection.4.1}{\376\377\000M\000a\000x\000i\000m\000u\000m\000\040\000d\000i\000s\000t\000a\000n\000c\000e}{section.4}% 5
\BOOKMARK [1][-]{section.5}{\376\377\000C\000o\000m\000p\000a\000r\000a\000t\000i\000v\000e\000\040\000a\000n\000a\000l\000y\000s\000i\000s}{}% 6
\BOOKMARK [2][-]{subsection.5.1}{\376\377\000H\000u\000b\000b\000l\000e\000\040\000M\000e\000r\000g\000e\000r\000\040\000R\000a\000t\000e}{section.5}% 7
\BOOKMARK [2][-]{subsection.5.2}{\376\377\000D\000e\000t\000e\000c\000t\000i\000o\000n\000\040\000r\000a\000t\000e\000s}{section.5}% 8
\BOOKMARK [2][-]{subsection.5.3}{\376\377\000M\000a\000x\000i\000m\000u\000m\000\040\000d\000e\000t\000e\000c\000t\000i\000o\000n\000\040\000d\000i\000s\000t\000a\000n\000c\000e}{section.5}% 9
\BOOKMARK [2][-]{subsection.5.4}{\376\377\000F\000i\000n\000a\000l\000\040\000e\000v\000o\000l\000u\000t\000i\000o\000n\000a\000r\000y\000\040\000s\000t\000a\000g\000e\000s}{section.5}% 10
\BOOKMARK [2][-]{subsection.5.5}{\376\377\000T\000w\000o\000\040\000i\000n\000t\000e\000r\000e\000s\000t\000i\000n\000g\000\040\000N\000S\000N\000S\000\040\000b\000i\000n\000a\000r\000i\000e\000s}{section.5}% 11
\BOOKMARK [1][-]{section*.17}{\376\377\000A\000p\000p\000e\000n\000d\000i\000x\000\040\000A\000:\000\040\000S\000e\000t\000t\000i\000n\000g\000s\000\040\000f\000o\000r\000\040\000u\000s\000i\000n\000g\000\040\000C\000O\000M\000P\000A\000S}{}% 12
\BOOKMARK [2][-]{subsection.Appendix.A.1}{\376\377\000P\000o\000w\000e\000r\000\040\000l\000a\000w\000\040\000d\000i\000s\000t\000r\000i\000b\000u\000t\000i\000o\000n}{section*.17}% 13
\BOOKMARK [2][-]{subsection.Appendix.A.2}{\376\377\000G\000a\000m\000m\000a\000\040\000d\000i\000s\000t\000r\000i\000b\000u\000t\000i\000o\000n}{section*.17}% 14
\BOOKMARK [2][-]{subsection.Appendix.A.3}{\376\377\000B\000e\000t\000a\000\040\000d\000i\000s\000t\000r\000i\000b\000u\000t\000i\000o\000n}{section*.17}% 15
\BOOKMARK [1][-]{section*.20}{\376\377\000A\000p\000p\000e\000n\000d\000i\000x\000\040\000B\000:\000\040\000T\000h\000e\000\040\000M\000i\000l\000k\000y\000\040\000w\000a\000y\000\040\000M\000o\000d\000e\000l}{}% 16
\BOOKMARK [2][-]{subsection.Appendix.B.1}{\376\377\000S\000t\000a\000r\000\040\000f\000o\000r\000m\000a\000t\000i\000o\000n\000\040\000r\000a\000t\000e}{section*.20}% 17
\BOOKMARK [2][-]{subsection.Appendix.B.2}{\376\377\000R\000a\000d\000i\000a\000l\000\040\000d\000i\000s\000t\000r\000i\000b\000u\000t\000i\000o\000n}{section*.20}% 18
\BOOKMARK [2][-]{subsection.Appendix.B.3}{\376\377\000V\000e\000r\000t\000i\000c\000a\000l\000\040\000d\000i\000s\000t\000r\000i\000b\000u\000t\000i\000o\000n}{section*.20}% 19
\BOOKMARK [2][-]{subsection.Appendix.B.4}{\376\377\000M\000e\000t\000a\000l\000l\000i\000c\000i\000t\000y\000-\000r\000a\000d\000i\000u\000s\000-\000t\000i\000m\000e\000\040\000r\000e\000l\000a\000t\000i\000o\000n\000s\000h\000i\000p}{section*.20}% 20
\BOOKMARK [2][-]{subsection.Appendix.B.5}{\376\377\000G\000a\000l\000a\000x\000y\000\040\000s\000y\000n\000t\000h\000e\000s\000i\000s}{section*.20}% 21
\BOOKMARK [1][-]{section*.21}{\376\377\000A\000p\000p\000e\000n\000d\000i\000x\000\040\000C\000:\000\040\000P\000a\000r\000a\000m\000e\000t\000e\000r\000\040\000d\000i\000s\000t\000r\000i\000b\000u\000t\000i\000o\000n\000\040\000a\000c\000r\000o\000s\000s\000\040\000t\000h\000e\000\040\000g\000a\000l\000a\000x\000i\000e\000s\000\040\000-\000\040\0001}{}% 22
\BOOKMARK [2][-]{subsection.Appendix.C.1}{\376\377\000B\000i\000n\000a\000r\000y\000\040\000B\000l\000a\000c\000k\000\040\000H\000o\000l\000e\000s}{section*.21}% 23
\BOOKMARK [2][-]{subsection.Appendix.C.2}{\376\377\000B\000i\000n\000a\000r\000y\000\040\000N\000e\000u\000t\000r\000o\000n\000\040\000S\000t\000a\000r\000s}{section*.21}% 24
\BOOKMARK [2][-]{subsection.Appendix.C.3}{\376\377\000N\000e\000u\000t\000r\000o\000n\000\040\000S\000t\000a\000r\000\040\000-\000\040\000B\000l\000a\000c\000k\000\040\000H\000o\000l\000e\000\040\000b\000i\000n\000a\000r\000y}{section*.21}% 25
\BOOKMARK [2][-]{subsection.Appendix.C.4}{\376\377\000B\000l\000a\000c\000k\000\040\000H\000o\000l\000e\000\040\000-\000\040\000N\000e\000u\000t\000r\000o\000n\000\040\000S\000t\000a\000r\000\040\000b\000i\000n\000a\000r\000y}{section*.21}% 26
\BOOKMARK [1][-]{section*.30}{\376\377\000A\000p\000p\000e\000n\000d\000i\000x\000\040\000D\000:\000\040\000P\000a\000r\000a\000m\000e\000t\000e\000r\000\040\000d\000i\000s\000t\000r\000i\000b\000u\000t\000i\000o\000n\000\040\000a\000c\000r\000o\000s\000s\000\040\000t\000h\000e\000\040\000g\000a\000l\000a\000x\000i\000e\000s\000\040\000-\000\040\0002}{}% 27
\BOOKMARK [2][-]{subsection.Appendix.D.1}{\376\377\000B\000i\000n\000a\000r\000y\000\040\000B\000l\000a\000c\000k\000\040\000H\000o\000l\000e\000s}{section*.30}% 28
\BOOKMARK [2][-]{subsection.Appendix.D.2}{\376\377\000B\000i\000n\000a\000r\000y\000\040\000N\000e\000u\000t\000r\000o\000n\000\040\000S\000t\000a\000r\000s}{section*.30}% 29
\BOOKMARK [2][-]{subsection.Appendix.D.3}{\376\377\000N\000e\000u\000t\000r\000o\000n\000\040\000S\000t\000a\000r\000\040\000-\000\040\000B\000l\000a\000c\000k\000\040\000H\000o\000l\000e\000\040\000b\000i\000n\000a\000r\000y}{section*.30}% 30
\BOOKMARK [2][-]{subsection.Appendix.D.4}{\376\377\000B\000l\000a\000c\000k\000\040\000H\000o\000l\000e\000\040\000-\000\040\000N\000e\000u\000t\000r\000o\000n\000\040\000S\000t\000a\000r\000\040\000b\000i\000n\000a\000r\000y}{section*.30}% 31
