This is pdfTeX, Version 3.141592653-2.6-1.40.24 (MiKTeX 23.1) (preloaded format=pdflatex 2023.2.23)  24 FEB 2023 16:56
entering extended mode
 restricted \write18 enabled.
 file:line:error style messages enabled.
 %&-line parsing enabled.
**./main.tex
(main.tex
LaTeX2e <2022-06-01> patch level 5
L3 programming layer <2022-08-30>
(/home/astrophysicsandpython/.miktex/texmfs/install/tex/latex/ieeetran/IEEEtran
.cls
Document Class: IEEEtran 2015/08/26 V1.8b by Michael Shell
-- See the "IEEEtran_HOWTO" manual for usage information.
-- http://www.michaelshell.org/tex/ieeetran/
\@IEEEtrantmpdimenA=\dimen138
\@IEEEtrantmpdimenB=\dimen139
\@IEEEtrantmpdimenC=\dimen140
\@IEEEtrantmpcountA=\count185
\@IEEEtrantmpcountB=\count186
\@IEEEtrantmpcountC=\count187
\@IEEEtrantmptoksA=\toks16
LaTeX Font Info:    Trying to load font information for OT1+ptm on input line 5
03.
(/home/astrophysicsandpython/.miktex/texmfs/install/tex/latex/psnfss/ot1ptm.fd
File: ot1ptm.fd 2001/06/04 font definitions for OT1/ptm.
)
-- Using 8.5in x 11in (letter) paper.
-- Using PDF output.
\@IEEEnormalsizeunitybaselineskip=\dimen141
-- This is a 10 point document.
\CLASSINFOnormalsizebaselineskip=\dimen142
\CLASSINFOnormalsizeunitybaselineskip=\dimen143
\IEEEnormaljot=\dimen144
LaTeX Font Info:    Font shape `OT1/ptm/bx/n' in size <5> not available
(Font)              Font shape `OT1/ptm/b/n' tried instead on input line 1090.
LaTeX Font Info:    Font shape `OT1/ptm/bx/it' in size <5> not available
(Font)              Font shape `OT1/ptm/b/it' tried instead on input line 1090.

LaTeX Font Info:    Font shape `OT1/ptm/bx/n' in size <7> not available
(Font)              Font shape `OT1/ptm/b/n' tried instead on input line 1090.
LaTeX Font Info:    Font shape `OT1/ptm/bx/it' in size <7> not available
(Font)              Font shape `OT1/ptm/b/it' tried instead on input line 1090.

LaTeX Font Info:    Font shape `OT1/ptm/bx/n' in size <8> not available
(Font)              Font shape `OT1/ptm/b/n' tried instead on input line 1090.
LaTeX Font Info:    Font shape `OT1/ptm/bx/it' in size <8> not available
(Font)              Font shape `OT1/ptm/b/it' tried instead on input line 1090.

LaTeX Font Info:    Font shape `OT1/ptm/bx/n' in size <9> not available
(Font)              Font shape `OT1/ptm/b/n' tried instead on input line 1090.
LaTeX Font Info:    Font shape `OT1/ptm/bx/it' in size <9> not available
(Font)              Font shape `OT1/ptm/b/it' tried instead on input line 1090.

LaTeX Font Info:    Font shape `OT1/ptm/bx/n' in size <10> not available
(Font)              Font shape `OT1/ptm/b/n' tried instead on input line 1090.
LaTeX Font Info:    Font shape `OT1/ptm/bx/it' in size <10> not available
(Font)              Font shape `OT1/ptm/b/it' tried instead on input line 1090.

LaTeX Font Info:    Font shape `OT1/ptm/bx/n' in size <11> not available
(Font)              Font shape `OT1/ptm/b/n' tried instead on input line 1090.
LaTeX Font Info:    Font shape `OT1/ptm/bx/it' in size <11> not available
(Font)              Font shape `OT1/ptm/b/it' tried instead on input line 1090.

LaTeX Font Info:    Font shape `OT1/ptm/bx/n' in size <12> not available
(Font)              Font shape `OT1/ptm/b/n' tried instead on input line 1090.
LaTeX Font Info:    Font shape `OT1/ptm/bx/it' in size <12> not available
(Font)              Font shape `OT1/ptm/b/it' tried instead on input line 1090.

LaTeX Font Info:    Font shape `OT1/ptm/bx/n' in size <17> not available
(Font)              Font shape `OT1/ptm/b/n' tried instead on input line 1090.
LaTeX Font Info:    Font shape `OT1/ptm/bx/it' in size <17> not available
(Font)              Font shape `OT1/ptm/b/it' tried instead on input line 1090.

LaTeX Font Info:    Font shape `OT1/ptm/bx/n' in size <20> not available
(Font)              Font shape `OT1/ptm/b/n' tried instead on input line 1090.
LaTeX Font Info:    Font shape `OT1/ptm/bx/it' in size <20> not available
(Font)              Font shape `OT1/ptm/b/it' tried instead on input line 1090.

LaTeX Font Info:    Font shape `OT1/ptm/bx/n' in size <24> not available
(Font)              Font shape `OT1/ptm/b/n' tried instead on input line 1090.
LaTeX Font Info:    Font shape `OT1/ptm/bx/it' in size <24> not available
(Font)              Font shape `OT1/ptm/b/it' tried instead on input line 1090.

\IEEEquantizedlength=\dimen145
\IEEEquantizedlengthdiff=\dimen146
\IEEEquantizedtextheightdiff=\dimen147
\IEEEilabelindentA=\dimen148
\IEEEilabelindentB=\dimen149
\IEEEilabelindent=\dimen150
\IEEEelabelindent=\dimen151
\IEEEdlabelindent=\dimen152
\IEEElabelindent=\dimen153
\IEEEiednormlabelsep=\dimen154
\IEEEiedmathlabelsep=\dimen155
\IEEEiedtopsep=\skip47
\c@section=\count188
\c@subsection=\count189
\c@subsubsection=\count190
\c@paragraph=\count191
\c@IEEEsubequation=\count192
\abovecaptionskip=\skip48
\belowcaptionskip=\skip49
\c@figure=\count193
\c@table=\count194
\@IEEEeqnnumcols=\count195
\@IEEEeqncolcnt=\count196
\@IEEEsubeqnnumrollback=\count197
\@IEEEquantizeheightA=\dimen156
\@IEEEquantizeheightB=\dimen157
\@IEEEquantizeheightC=\dimen158
\@IEEEquantizeprevdepth=\dimen159
\@IEEEquantizemultiple=\count198
\@IEEEquantizeboxA=\box51
\@IEEEtmpitemindent=\dimen160
\IEEEPARstartletwidth=\dimen161
\c@IEEEbiography=\count199
\@IEEEtranrubishbin=\box52
)
(/home/astrophysicsandpython/.miktex/texmfs/install/tex/latex/lineno/lineno.sty
Package: lineno 2005/11/02 line numbers on paragraphs v4.41
\linenopenalty=\count266
\output=\toks17
\linenoprevgraf=\count267
\linenumbersep=\dimen162
\linenumberwidth=\dimen163
\c@linenumber=\count268
\c@pagewiselinenumber=\count269
\c@LN@truepage=\count270
\c@internallinenumber=\count271
\c@internallinenumbers=\count272
\quotelinenumbersep=\dimen164
\bframerule=\dimen165
\bframesep=\dimen166
\bframebox=\box53
LaTeX Info: Redefining \\ on input line 3056.
)
(/home/astrophysicsandpython/.miktex/texmfs/install/tex/latex/base/inputenc.sty
Package: inputenc 2021/02/14 v1.3d Input encoding file
\inpenc@prehook=\toks18
\inpenc@posthook=\toks19
)
(/home/astrophysicsandpython/.miktex/texmfs/install/tex/latex/graphics/graphicx
.sty
Package: graphicx 2021/09/16 v1.2d Enhanced LaTeX Graphics (DPC,SPQR)

(/home/astrophysicsandpython/.miktex/texmfs/install/tex/latex/graphics/keyval.s
ty
Package: keyval 2022/05/29 v1.15 key=value parser (DPC)
\KV@toks@=\toks20
)
(/home/astrophysicsandpython/.miktex/texmfs/install/tex/latex/graphics/graphics
.sty
Package: graphics 2022/03/10 v1.4e Standard LaTeX Graphics (DPC,SPQR)

(/home/astrophysicsandpython/.miktex/texmfs/install/tex/latex/graphics/trig.sty
Package: trig 2021/08/11 v1.11 sin cos tan (DPC)
)
(/home/astrophysicsandpython/.miktex/texmfs/install/tex/latex/graphics-cfg/grap
hics.cfg
File: graphics.cfg 2016/06/04 v1.11 sample graphics configuration
)
Package graphics Info: Driver file: pdftex.def on input line 107.

(/home/astrophysicsandpython/.miktex/texmfs/install/tex/latex/graphics-def/pdft
ex.def
File: pdftex.def 2020/10/05 v1.2a Graphics/color driver for pdftex
))
\Gin@req@height=\dimen167
\Gin@req@width=\dimen168
)
(/home/astrophysicsandpython/.miktex/texmfs/install/tex/latex/amsmath/amsmath.s
ty
Package: amsmath 2022/04/08 v2.17n AMS math features
\@mathmargin=\skip50

For additional information on amsmath, use the `?' option.

(/home/astrophysicsandpython/.miktex/texmfs/install/tex/latex/amsmath/amstext.s
ty
Package: amstext 2021/08/26 v2.01 AMS text

(/home/astrophysicsandpython/.miktex/texmfs/install/tex/latex/amsmath/amsgen.st
y
File: amsgen.sty 1999/11/30 v2.0 generic functions
\@emptytoks=\toks21
\ex@=\dimen169
))
(/home/astrophysicsandpython/.miktex/texmfs/install/tex/latex/amsmath/amsbsy.st
y
Package: amsbsy 1999/11/29 v1.2d Bold Symbols
\pmbraise@=\dimen170
)
(/home/astrophysicsandpython/.miktex/texmfs/install/tex/latex/amsmath/amsopn.st
y
Package: amsopn 2022/04/08 v2.04 operator names
)
\inf@bad=\count273
LaTeX Info: Redefining \frac on input line 234.
\uproot@=\count274
\leftroot@=\count275
LaTeX Info: Redefining \overline on input line 399.
LaTeX Info: Redefining \colon on input line 410.
\classnum@=\count276
\DOTSCASE@=\count277
LaTeX Info: Redefining \ldots on input line 496.
LaTeX Info: Redefining \dots on input line 499.
LaTeX Info: Redefining \cdots on input line 620.
\Mathstrutbox@=\box54
\strutbox@=\box55
LaTeX Info: Redefining \big on input line 722.
LaTeX Info: Redefining \Big on input line 723.
LaTeX Info: Redefining \bigg on input line 724.
LaTeX Info: Redefining \Bigg on input line 725.
\big@size=\dimen171
LaTeX Font Info:    Redeclaring font encoding OML on input line 743.
LaTeX Font Info:    Redeclaring font encoding OMS on input line 744.
\macc@depth=\count278
LaTeX Info: Redefining \bmod on input line 905.
LaTeX Info: Redefining \pmod on input line 910.
LaTeX Info: Redefining \smash on input line 940.
LaTeX Info: Redefining \relbar on input line 970.
LaTeX Info: Redefining \Relbar on input line 971.
\c@MaxMatrixCols=\count279
\dotsspace@=\muskip16
\c@parentequation=\count280
\dspbrk@lvl=\count281
\tag@help=\toks22
\row@=\count282
\column@=\count283
\maxfields@=\count284
\andhelp@=\toks23
\eqnshift@=\dimen172
\alignsep@=\dimen173
\tagshift@=\dimen174
\tagwidth@=\dimen175
\totwidth@=\dimen176
\lineht@=\dimen177
\@envbody=\toks24
\multlinegap=\skip51
\multlinetaggap=\skip52
\mathdisplay@stack=\toks25
LaTeX Info: Redefining \[ on input line 2953.
LaTeX Info: Redefining \] on input line 2954.
)
(/home/astrophysicsandpython/.miktex/texmfs/install/tex/latex/float/float.sty
Package: float 2001/11/08 v1.3d Float enhancements (AL)
\c@float@type=\count285
\float@exts=\toks26
\float@box=\box56
\@float@everytoks=\toks27
\@floatcapt=\box57
)
(/home/astrophysicsandpython/.miktex/texmfs/install/tex/latex/caption/caption.s
ty
Package: caption 2022/03/01 v3.6b Customizing captions (AR)

(/home/astrophysicsandpython/.miktex/texmfs/install/tex/latex/caption/caption3.
sty
Package: caption3 2022/03/17 v2.3b caption3 kernel (AR)
\caption@tempdima=\dimen178
\captionmargin=\dimen179
\caption@leftmargin=\dimen180
\caption@rightmargin=\dimen181
\caption@width=\dimen182
\caption@indent=\dimen183
\caption@parindent=\dimen184
\caption@hangindent=\dimen185
Package caption Info: Unknown document class (or package),
(caption)             standard defaults will be used.
Package caption Info: \@makecaption = \long macro:#1#2->\ifx \@captype \@IEEEta
blestring \footnotesize \bgroup \par \centering \@IEEEtabletopskipstrut {\norma
lfont \footnotesize #1}\\{\normalfont \footnotesize \scshape #2}\par \addvspace
 {0.5\baselineskip }\egroup \@IEEEtablecaptionsepspace \else \@IEEEfigurecaptio
nsepspace \setbox \@tempboxa \hbox {\normalfont \footnotesize {#1.}\nobreakspac
e \nobreakspace #2}\ifdim \wd \@tempboxa >\hsize \setbox \@tempboxa \hbox {\nor
malfont \footnotesize {#1.}\nobreakspace \nobreakspace }\parbox [t]{\hsize }{\n
ormalfont \footnotesize \noindent \unhbox \@tempboxa #2}\else \ifCLASSOPTIONcon
ference \hbox to\hsize {\normalfont \footnotesize \hfil \box \@tempboxa \hfil }
\else \hbox to\hsize {\normalfont \footnotesize \box \@tempboxa \hfil }\fi \fi 
\fi  on input line 1176.
)

Package caption Warning: Unknown document class (or package),
(caption)                standard defaults will be used.
See the caption package documentation for explanation.

\c@caption@flags=\count286
\c@continuedfloat=\count287
Package caption Info: float package is loaded.
) (/home/astrophysicsandpython/.miktex/texmfs/install/tex/latex/url/url.sty
\Urlmuskip=\muskip17
Package: url 2013/09/16  ver 3.4  Verb mode for urls, etc.
)
(/home/astrophysicsandpython/.miktex/texmfs/install/tex/latex/pdfpages/pdfpages
.sty
Package: pdfpages 2022/05/22 v0.5v Insert pages of external PDF documents (AM)

(/home/astrophysicsandpython/.miktex/texmfs/install/tex/latex/base/ifthen.sty
Package: ifthen 2022/04/13 v1.1d Standard LaTeX ifthen package (DPC)
)
(/home/astrophysicsandpython/.miktex/texmfs/install/tex/latex/tools/calc.sty
Package: calc 2017/05/25 v4.3 Infix arithmetic (KKT,FJ)
\calc@Acount=\count288
\calc@Bcount=\count289
\calc@Adimen=\dimen186
\calc@Bdimen=\dimen187
\calc@Askip=\skip53
\calc@Bskip=\skip54
LaTeX Info: Redefining \setlength on input line 80.
LaTeX Info: Redefining \addtolength on input line 81.
\calc@Ccount=\count290
\calc@Cskip=\skip55
)
(/home/astrophysicsandpython/.miktex/texmfs/install/tex/latex/eso-pic/eso-pic.s
ty
Package: eso-pic 2020/10/14 v3.0a eso-pic (RN)
\ESO@tempdima=\dimen188
\ESO@tempdimb=\dimen189

(/home/astrophysicsandpython/.miktex/texmfs/install/tex/latex/xcolor/xcolor.sty
Package: xcolor 2022/06/12 v2.14 LaTeX color extensions (UK)

(/home/astrophysicsandpython/.miktex/texmfs/install/tex/latex/graphics-cfg/colo
r.cfg
File: color.cfg 2016/01/02 v1.6 sample color configuration
)
Package xcolor Info: Driver file: pdftex.def on input line 227.

(/home/astrophysicsandpython/.miktex/texmfs/install/tex/latex-dev/graphics/math
color.ltx)
Package xcolor Info: Model `cmy' substituted by `cmy0' on input line 1353.
Package xcolor Info: Model `hsb' substituted by `rgb' on input line 1357.
Package xcolor Info: Model `RGB' extended on input line 1369.
Package xcolor Info: Model `HTML' substituted by `rgb' on input line 1371.
Package xcolor Info: Model `Hsb' substituted by `hsb' on input line 1372.
Package xcolor Info: Model `tHsb' substituted by `hsb' on input line 1373.
Package xcolor Info: Model `HSB' substituted by `hsb' on input line 1374.
Package xcolor Info: Model `Gray' substituted by `gray' on input line 1375.
Package xcolor Info: Model `wave' substituted by `hsb' on input line 1376.
))
\AM@pagewidth=\dimen190
\AM@pageheight=\dimen191
\AM@fboxrule=\dimen192

(/home/astrophysicsandpython/.miktex/texmfs/install/tex/latex/pdfpages/pppdftex
.def
File: pppdftex.def 2022/05/22 v0.5v Pdfpages driver for pdfTeX (AM)
)
\pdfpages@includegraphics@status=\count291
\AM@pagebox=\box58
\AM@global@opts=\toks28
\AM@pagecnt=\count292
\AM@toc@title=\toks29
\c@AM@survey=\count293
\AM@templatesizebox=\box59
)
(/home/astrophysicsandpython/.miktex/texmfs/install/tex/latex/setspace/setspace
.sty
Package: setspace 2011/12/19 v6.7a set line spacing
)
(/home/astrophysicsandpython/.miktex/texmfs/install/tex/latex/tools/multicol.st
y
Package: multicol 2021/10/28 v1.9b multicolumn formatting (FMi)
\c@tracingmulticols=\count294


Package multicol Warning: May not work with the twocolumn option on input line 
142.

\mult@box=\box60
\multicol@leftmargin=\dimen193
\c@unbalance=\count295
\c@collectmore=\count296
\doublecol@number=\count297
\multicoltolerance=\count298
\multicolpretolerance=\count299
\full@width=\dimen194
\page@free=\dimen195
\premulticols=\dimen196
\postmulticols=\dimen197
\multicolsep=\skip56
\multicolbaselineskip=\skip57
\partial@page=\box61
\last@line=\box62
\maxbalancingoverflow=\dimen198
\mult@rightbox=\box63
\mult@grightbox=\box64
\mult@firstbox=\box65
\mult@gfirstbox=\box66
\@tempa=\box67
\@tempa=\box68
\@tempa=\box69
\@tempa=\box70
\@tempa=\box71
\@tempa=\box72
\@tempa=\box73
\@tempa=\box74
\@tempa=\box75
\@tempa=\box76
\@tempa=\box77
\@tempa=\box78
\@tempa=\box79
\@tempa=\box80
\@tempa=\box81
\@tempa=\box82
\@tempa=\box83
\@tempa=\box84
\@tempa=\box85
\@tempa=\box86
\@tempa=\box87
\@tempa=\box88
\@tempa=\box89
\@tempa=\box90
\@tempa=\box91
\@tempa=\box92
\@tempa=\box93
\@tempa=\box94
\@tempa=\box95
\@tempa=\box96
\@tempa=\box97
\@tempa=\box98
\@tempa=\box99
\@tempa=\box100
\@tempa=\box101
\@tempa=\box102
\c@minrows=\count300
\c@columnbadness=\count301
\c@finalcolumnbadness=\count302
\last@try=\dimen199
\multicolovershoot=\dimen256
\multicolundershoot=\dimen257
\mult@nat@firstbox=\box103
\colbreak@box=\box104
\mc@col@check@num=\count303
)
(/home/astrophysicsandpython/.miktex/texmfs/install/tex/latex/tools/tabularx.st
y
Package: tabularx 2020/01/15 v2.11c `tabularx' package (DPC)
 (/home/astrophysicsandpython/.miktex/texmfs/install/tex/latex/tools/array.sty
Package: array 2021/10/04 v2.5f Tabular extension package (FMi)
\col@sep=\dimen258
\ar@mcellbox=\box105
\extrarowheight=\dimen259
\NC@list=\toks30
\extratabsurround=\skip58
\backup@length=\skip59
\ar@cellbox=\box106
)
\TX@col@width=\dimen260
\TX@old@table=\dimen261
\TX@old@col=\dimen262
\TX@target=\dimen263
\TX@delta=\dimen264
\TX@cols=\count304
\TX@ftn=\toks31
)
(/home/astrophysicsandpython/.miktex/texmfs/install/tex/latex/booktabs/booktabs
.sty
Package: booktabs 2020/01/12 v1.61803398 Publication quality tables
\heavyrulewidth=\dimen265
\lightrulewidth=\dimen266
\cmidrulewidth=\dimen267
\belowrulesep=\dimen268
\belowbottomsep=\dimen269
\aboverulesep=\dimen270
\abovetopsep=\dimen271
\cmidrulesep=\dimen272
\cmidrulekern=\dimen273
\defaultaddspace=\dimen274
\@cmidla=\count305
\@cmidlb=\count306
\@aboverulesep=\dimen275
\@belowrulesep=\dimen276
\@thisruleclass=\count307
\@lastruleclass=\count308
\@thisrulewidth=\dimen277
)
(/home/astrophysicsandpython/.miktex/texmfs/install/tex/latex/hyperref/hyperref
.sty
Package: hyperref 2022-09-22 v7.00t Hypertext links for LaTeX

(/home/astrophysicsandpython/.miktex/texmfs/install/tex/generic/ltxcmds/ltxcmds
.sty
Package: ltxcmds 2020-05-10 v1.25 LaTeX kernel commands for general use (HO)
)
(/home/astrophysicsandpython/.miktex/texmfs/install/tex/generic/iftex/iftex.sty
Package: iftex 2022/02/03 v1.0f TeX engine tests
)
(/home/astrophysicsandpython/.miktex/texmfs/install/tex/generic/pdftexcmds/pdft
excmds.sty
Package: pdftexcmds 2020-06-27 v0.33 Utility functions of pdfTeX for LuaTeX (HO
)

(/home/astrophysicsandpython/.miktex/texmfs/install/tex/generic/infwarerr/infwa
rerr.sty
Package: infwarerr 2019/12/03 v1.5 Providing info/warning/error messages (HO)
)
Package pdftexcmds Info: \pdf@primitive is available.
Package pdftexcmds Info: \pdf@ifprimitive is available.
Package pdftexcmds Info: \pdfdraftmode found.
)
(/home/astrophysicsandpython/.miktex/texmfs/install/tex/generic/kvsetkeys/kvset
keys.sty
Package: kvsetkeys 2019/12/15 v1.18 Key value parser (HO)
)
(/home/astrophysicsandpython/.miktex/texmfs/install/tex/generic/kvdefinekeys/kv
definekeys.sty
Package: kvdefinekeys 2019-12-19 v1.6 Define keys (HO)
)
(/home/astrophysicsandpython/.miktex/texmfs/install/tex/generic/pdfescape/pdfes
cape.sty
Package: pdfescape 2019/12/09 v1.15 Implements pdfTeX's escape features (HO)
)
(/home/astrophysicsandpython/.miktex/texmfs/install/tex/latex/hycolor/hycolor.s
ty
Package: hycolor 2020-01-27 v1.10 Color options for hyperref/bookmark (HO)
)
(/home/astrophysicsandpython/.miktex/texmfs/install/tex/latex/letltxmacro/letlt
xmacro.sty
Package: letltxmacro 2019/12/03 v1.6 Let assignment for LaTeX macros (HO)
)
(/home/astrophysicsandpython/.miktex/texmfs/install/tex/latex/auxhook/auxhook.s
ty
Package: auxhook 2019-12-17 v1.6 Hooks for auxiliary files (HO)
)
(/home/astrophysicsandpython/.miktex/texmfs/install/tex/latex/hyperref/nameref.
sty
Package: nameref 2022-05-17 v2.50 Cross-referencing by name of section

(/home/astrophysicsandpython/.miktex/texmfs/install/tex/latex/refcount/refcount
.sty
Package: refcount 2019/12/15 v3.6 Data extraction from label references (HO)
)
(/home/astrophysicsandpython/.miktex/texmfs/install/tex/generic/gettitlestring/
gettitlestring.sty
Package: gettitlestring 2019/12/15 v1.6 Cleanup title references (HO)

(/home/astrophysicsandpython/.miktex/texmfs/install/tex/latex/kvoptions/kvoptio
ns.sty
Package: kvoptions 2022-06-15 v3.15 Key value format for package options (HO)
))
\c@section@level=\count309
)
\@linkdim=\dimen278
\Hy@linkcounter=\count310
\Hy@pagecounter=\count311

(/home/astrophysicsandpython/.miktex/texmfs/install/tex/latex/hyperref/pd1enc.d
ef
File: pd1enc.def 2022-09-22 v7.00t Hyperref: PDFDocEncoding definition (HO)
Now handling font encoding PD1 ...
... no UTF-8 mapping file for font encoding PD1
)
(/home/astrophysicsandpython/.miktex/texmfs/install/tex/generic/intcalc/intcalc
.sty
Package: intcalc 2019/12/15 v1.3 Expandable calculations with integers (HO)
)
(/home/astrophysicsandpython/.miktex/texmfs/install/tex/generic/etexcmds/etexcm
ds.sty
Package: etexcmds 2019/12/15 v1.7 Avoid name clashes with e-TeX commands (HO)
)
\Hy@SavedSpaceFactor=\count312

(/home/astrophysicsandpython/.miktex/texmfs/install/tex/latex/hyperref/puenc.de
f
File: puenc.def 2022-09-22 v7.00t Hyperref: PDF Unicode definition (HO)
Now handling font encoding PU ...
... no UTF-8 mapping file for font encoding PU
)
Package hyperref Info: Option `colorlinks' set `true' on input line 4045.
Package hyperref Info: Hyper figures OFF on input line 4162.
Package hyperref Info: Link nesting OFF on input line 4167.
Package hyperref Info: Hyper index ON on input line 4170.
Package hyperref Info: Plain pages OFF on input line 4177.
Package hyperref Info: Backreferencing OFF on input line 4182.
Package hyperref Info: Implicit mode ON; LaTeX internals redefined.
\stockwidth=\dimen279
\stockheight=\dimen280
Package hyperref Info: Bookmarks ON on input line 4410.
\c@Hy@tempcnt=\count313
LaTeX Info: Redefining \url on input line 4748.
\XeTeXLinkMargin=\dimen281

(/home/astrophysicsandpython/.miktex/texmfs/install/tex/generic/bitset/bitset.s
ty
Package: bitset 2019/12/09 v1.3 Handle bit-vector datatype (HO)

(/home/astrophysicsandpython/.miktex/texmfs/install/tex/generic/bigintcalc/bigi
ntcalc.sty
Package: bigintcalc 2019/12/15 v1.5 Expandable calculations on big integers (HO
)
))
\Fld@menulength=\count314
\Field@Width=\dimen282
\Fld@charsize=\dimen283
Package hyperref Info: Hyper figures OFF on input line 6027.
Package hyperref Info: Link nesting OFF on input line 6032.
Package hyperref Info: Hyper index ON on input line 6035.
Package hyperref Info: backreferencing OFF on input line 6042.
Package hyperref Info: Link coloring ON on input line 6045.
Package hyperref Info: Link coloring with OCG OFF on input line 6052.
Package hyperref Info: PDF/A mode OFF on input line 6057.

(/home/astrophysicsandpython/.miktex/texmfs/install/tex/latex/base/atbegshi-ltx
.sty
Package: atbegshi-ltx 2021/01/10 v1.0c Emulation of the original atbegshi
package with kernel methods
)
\Hy@abspage=\count315
\c@Item=\count316
\c@Hfootnote=\count317
)
Package hyperref Info: Driver (autodetected): hpdftex.

(/home/astrophysicsandpython/.miktex/texmfs/install/tex/latex/hyperref/hpdftex.
def
File: hpdftex.def 2022-09-22 v7.00t Hyperref driver for pdfTeX

(/home/astrophysicsandpython/.miktex/texmfs/install/tex/latex/base/atveryend-lt
x.sty
Package: atveryend-ltx 2020/08/19 v1.0a Emulation of the original atveryend pac
kage
with kernel methods
)
\Fld@listcount=\count318
\c@bookmark@seq@number=\count319

(/home/astrophysicsandpython/.miktex/texmfs/install/tex/latex/rerunfilecheck/re
runfilecheck.sty
Package: rerunfilecheck 2022-07-10 v1.10 Rerun checks for auxiliary files (HO)

(/home/astrophysicsandpython/.miktex/texmfs/install/tex/generic/uniquecounter/u
niquecounter.sty
Package: uniquecounter 2019/12/15 v1.4 Provide unlimited unique counter (HO)
)
Package uniquecounter Info: New unique counter `rerunfilecheck' on input line 2
85.
)
\Hy@SectionHShift=\skip60
)
(/home/astrophysicsandpython/.miktex/texmfs/install/tex/latex/natbib/natbib.sty
Package: natbib 2010/09/13 8.31b (PWD, AO)
\bibhang=\skip61
\bibsep=\skip62
LaTeX Info: Redefining \cite on input line 694.
\c@NAT@ctr=\count320
) (others/aastex_hack.sty)
(/home/astrophysicsandpython/.miktex/texmfs/install/tex/latex/subfloat/subfloat
.sty
Package: subfloat 2003/08/21 version 2.14
 Package `subfloat', Version 2.14 of 2003/08/21.

Package subfloat Warning: Numbers of floats not counted:
(subfloat)                If you use one of the counters subfloatfiguremax or
(subfloat)                subfloattablemax you will get strange error messages
(subfloat)                containing \c@subfloatfiguremax or
(subfloat)                \c@subfloattablemax:
(subfloat)                Please switch on countmax or remove the code using
(subfloat)                the counter then..

)
(/home/astrophysicsandpython/.miktex/texmfs/install/tex/latex/siunitx/siunitx.s
ty
Package: siunitx 2022-09-07 v3.1.7 A comprehensive (SI) units package
\l__siunitx_angle_tmp_dim=\dimen284
\l__siunitx_angle_marker_box=\box107
\l__siunitx_angle_unit_box=\box108
\l__siunitx_compound_count_int=\count321

(/home/astrophysicsandpython/.miktex/texmfs/install/tex/latex/translations/tran
slations.sty
Package: translations 2022/02/05 v1.12 internationalization of LaTeX2e packages
 (CN)

(/home/astrophysicsandpython/.miktex/texmfs/install/tex/latex/etoolbox/etoolbox
.sty
Package: etoolbox 2020/10/05 v2.5k e-TeX tools for LaTeX (JAW)
\etb@tempcnta=\count322
))
\l__siunitx_number_exponent_fixed_int=\count323
\l__siunitx_number_min_decimal_int=\count324
\l__siunitx_number_min_integer_int=\count325
\l__siunitx_number_round_precision_int=\count326
\l__siunitx_number_group_first_int=\count327
\l__siunitx_number_group_size_int=\count328
\l__siunitx_number_group_minimum_int=\count329
\l__siunitx_table_tmp_box=\box109
\l__siunitx_table_tmp_dim=\dimen285
\l__siunitx_table_column_width_dim=\dimen286
\l__siunitx_table_integer_box=\box110
\l__siunitx_table_decimal_box=\box111
\l__siunitx_table_before_box=\box112
\l__siunitx_table_after_box=\box113
\l__siunitx_table_before_dim=\dimen287
\l__siunitx_table_carry_dim=\dimen288
\l__siunitx_unit_tmp_int=\count330
\l__siunitx_unit_position_int=\count331
\l__siunitx_unit_total_int=\count332
)
Package translations Info: No language package found. I am going to use `englis
h' as default language. on input line 65.

(/home/astrophysicsandpython/.miktex/texmfs/install/tex/latex/l3backend/l3backe
nd-pdftex.def
File: l3backend-pdftex.def 2022-08-30 L3 backend support: PDF output (pdfTeX)
\l__color_backend_stack_int=\count333
\l__pdf_internal_box=\box114
)
(/home/astrophysicsandpython/Dropbox/sirasad/research_paper/auxil/main.aux)
\openout1 = `main.aux'.

LaTeX Font Info:    Checking defaults for OML/cmm/m/it on input line 65.
LaTeX Font Info:    ... okay on input line 65.
LaTeX Font Info:    Checking defaults for OMS/cmsy/m/n on input line 65.
LaTeX Font Info:    ... okay on input line 65.
LaTeX Font Info:    Checking defaults for OT1/cmr/m/n on input line 65.
LaTeX Font Info:    ... okay on input line 65.
LaTeX Font Info:    Checking defaults for T1/cmr/m/n on input line 65.
LaTeX Font Info:    ... okay on input line 65.
LaTeX Font Info:    Checking defaults for TS1/cmr/m/n on input line 65.
LaTeX Font Info:    ... okay on input line 65.
LaTeX Font Info:    Checking defaults for OMX/cmex/m/n on input line 65.
LaTeX Font Info:    ... okay on input line 65.
LaTeX Font Info:    Checking defaults for U/cmr/m/n on input line 65.
LaTeX Font Info:    ... okay on input line 65.
LaTeX Font Info:    Checking defaults for PD1/pdf/m/n on input line 65.
LaTeX Font Info:    ... okay on input line 65.
LaTeX Font Info:    Checking defaults for PU/pdf/m/n on input line 65.
LaTeX Font Info:    ... okay on input line 65.

-- Lines per column: 58 (exact).

(/home/astrophysicsandpython/.miktex/texmfs/install/tex/context/base/mkii/supp-
pdf.mkii
[Loading MPS to PDF converter (version 2006.09.02).]
\scratchcounter=\count334
\scratchdimen=\dimen289
\scratchbox=\box115
\nofMPsegments=\count335
\nofMParguments=\count336
\everyMPshowfont=\toks32
\MPscratchCnt=\count337
\MPscratchDim=\dimen290
\MPnumerator=\count338
\makeMPintoPDFobject=\count339
\everyMPtoPDFconversion=\toks33
)
(/home/astrophysicsandpython/.miktex/texmfs/install/tex/latex/epstopdf-pkg/epst
opdf-base.sty
Package: epstopdf-base 2020-01-24 v2.11 Base part for package epstopdf
Package epstopdf-base Info: Redefining graphics rule for `.eps' on input line 4
85.

(/home/astrophysicsandpython/.miktex/texmfs/install/tex/latex/00miktex/epstopdf
-sys.cfg
File: epstopdf-sys.cfg 2021/03/18 v2.0 Configuration of epstopdf for MiKTeX
))
Package caption Info: Begin \AtBeginDocument code.
Package caption Info: hyperref package is loaded.
Package caption Info: End \AtBeginDocument code.

(/home/astrophysicsandpython/.miktex/texmfs/install/tex/latex/pdflscape/pdflsca
pe.sty
Package: pdflscape 2019/12/05 v0.12 Display of landscape pages in PDF (HO)

(/home/astrophysicsandpython/.miktex/texmfs/install/tex/latex/graphics/lscape.s
ty
Package: lscape 2020/05/28 v3.02 Landscape Pages (DPC)
)
Package pdflscape Info: Auto-detected driver: pdftex on input line 81.
)
Package hyperref Info: Link coloring ON on input line 65.
 (/home/astrophysicsandpython/Dropbox/sirasad/research_paper/auxil/main.out) (/
home/astrophysicsandpython/Dropbox/sirasad/research_paper/auxil/main.out)
\@outlinefile=\write3
\openout3 = `main.out'.


(/home/astrophysicsandpython/.miktex/texmfs/install/tex/latex/translations/dict
s/translations-basic-dictionary-english.trsl
File: translations-basic-dictionary-english.trsl (english translation file `tra
nslations-basic-dictionary')
)
Package translations Info: loading dictionary `translations-basic-dictionary' f
or `english'. on input line 65.
LaTeX Font Info:    Calculating math sizes for size <24> on input line 68.

** WARNING: \and is valid only when in conference or peerreviewca
modes (line 68).
LaTeX Font Info:    Trying to load font information for OT1+phv on input line 7
9.
(/home/astrophysicsandpython/.miktex/texmfs/install/tex/latex/psnfss/ot1phv.fd
File: ot1phv.fd 2020/03/25 scalable font definitions for OT1/phv.
) (population-synthesis.tex
Underfull \hbox (badness 4084) in paragraph at lines 1--7
\OT1/ptm/m/n/10 Object Mergers: Population Astrophysics and Statistics
 []


Underfull \hbox (badness 2401) in paragraph at lines 14--15
[]\OT1/ptm/m/n/10 For the mass of primary star, we draw the values
 []


Underfull \hbox (badness 2065) in paragraph at lines 14--15
\OT1/ptm/m/n/10 from Kroupa initial mass function (IMF) with $\OML/cmm/m/it/10 
m[] \OMS/cmsy/m/n/10 2
 []

[1{/home/astrophysicsandpython/.miktex/texmfs/data/fonts/map/pdftex/pdftex.map}


]
Underfull \hbox (badness 1389) in paragraph at lines 62--63
\OT1/ptm/m/n/10 within the milky way galaxy was performed using the
 []


Underfull \hbox (badness 1648) in paragraph at lines 97--98
[]\OT1/ptm/m/n/10 For the synthesis of an instance of the Milky Way
 []


LaTeX Warning: Command \o invalid in math mode on input line 110.


LaTeX Warning: Command \o invalid in math mode on input line 116.


LaTeX Warning: Command \o invalid in math mode on input line 118.

<images/binary_evolution.png, id=192, 1129.21875pt x 586.19pt>
LaTeX Font Info:    Trying to load font information for OT1+pcr on input line 1
25.
(/home/astrophysicsandpython/.miktex/texmfs/install/tex/latex/psnfss/ot1pcr.fd
File: ot1pcr.fd 2001/06/04 font definitions for OT1/pcr.
)
Underfull \hbox (badness 2334) in paragraph at lines 130--133
[]\OT1/ptm/m/n/10 These parameters were then provided to the python
 []

[2])
<images/first.jpg, id=236, 939.51pt x 578.16pt>
<images/second.jpg, id=237, 1300.86pt x 722.7pt>

Underfull \hbox (badness 10000) in paragraph at lines 165--168
[]\OT1/ptm/m/n/10 Around $\OT1/cmr/m/n/10 3 []$\OT1/ptm/m/n/10 , some binaries 
mostly have large
 []

[3]
Underfull \vbox (badness 3930) has occurred while \output is active []


Underfull \vbox (badness 10000) has occurred while \output is active []

 [4]
<images/pie_chart.jpg, id=267, 578.16pt x 578.16pt>

Underfull \hbox (badness 1635) in paragraph at lines 208--208
[]\OT1/ptm/m/n/10 Fig. 3: |Average detectable sources distribution in three
 []

<images/DMAX.jpg, id=271, 1156.32pt x 722.7pt>

Underfull \hbox (badness 1902) in paragraph at lines 251--253
[]\OT1/ptm/m/n/10 In this section, the outcomes of varying eccentricity
 []

[5] [6

]
(/home/astrophysicsandpython/Dropbox/sirasad/research_paper/auxil/main.bbl
Underfull \hbox (badness 10000) in paragraph at lines 25--28
[]\OT1/ptm/m/n/10 A. Einstein, ``N[]aherungsweise Integration der
 []


Underfull \hbox (badness 10000) in paragraph at lines 25--28
\OT1/ptm/m/n/10 Feldgleichungen der Gravitation,'' \OT1/ptm/m/it/10 Sitzungsber
ichte
 []


Underfull \hbox (badness 4303) in paragraph at lines 75--80
\OT1/ptm/m/n/10 of massive black hole binaries: imprint of seed
 []


Underfull \hbox (badness 1946) in paragraph at lines 104--109
[]\OT1/ptm/m/n/10 F. S. Broekgaarden, E. Berger \OT1/ptm/m/it/10 et al.\OT1/ptm
/m/n/10 , ``Impact of
 []


Underfull \hbox (badness 1831) in paragraph at lines 117--121
\OT1/ptm/m/n/10 of a Fast-merging Double Neutron Star Formation
 []


Underfull \hbox (badness 4391) in paragraph at lines 149--152
[]\OT1/ptm/m/n/10 A. J. Ruiter, K. Belczynski \OT1/ptm/m/it/10 et al.\OT1/ptm/m
/n/10 , ``The LISA
 []


Underfull \hbox (badness 4686) in paragraph at lines 165--170
\OT1/ptm/m/n/10 A Python Package for Computing the Evolution
 []

[7

]
Underfull \hbox (badness 10000) in paragraph at lines 204--208
\OT1/ptm/m/n/10 Dominates the Evolution of Massive Stars,''
 []


Underfull \hbox (badness 3713) in paragraph at lines 204--208
\OT1/ptm/m/it/10 Science\OT1/ptm/m/n/10 , vol. 337, no. 6093, p. 444, Jul. 2012
,
 []

LaTeX Font Info:    Trying to load font information for TS1+ptm on input line 2
12.
(/home/astrophysicsandpython/.miktex/texmfs/install/tex/latex/psnfss/ts1ptm.fd
File: ts1ptm.fd 2001/06/04 font definitions for TS1/ptm.
)
Underfull \hbox (badness 10000) in paragraph at lines 216--219
\OT1/ptm/m/n/10 Mass Function: Dependence on the Explosion
 []


Underfull \hbox (badness 10000) in paragraph at lines 257--261
[]\OT1/ptm/m/n/10 P. C. Peters, ``Gravitational Radiation and the
 []


Underfull \hbox (badness 4403) in paragraph at lines 257--261
\OT1/ptm/m/n/10 Motion of Two Point Masses,'' \OT1/ptm/m/it/10 Physical Review\
OT1/ptm/m/n/10 ,
 []


Underfull \hbox (badness 2088) in paragraph at lines 270--274
[]\OT1/ptm/m/n/10 L. Barack and C. Cutler, ``LISA capture sources:
 []


Underfull \hbox (badness 10000) in paragraph at lines 270--274
\OT1/ptm/m/n/10 Approximate waveforms, signal-to-noise ratios,
 []


Underfull \hbox (badness 1748) in paragraph at lines 270--274
\OT1/ptm/m/n/10 and parameter estimation accuracy,'' \OT1/ptm/m/it/10 Phys. Rev
. D\OT1/ptm/m/n/10 ,
 []


Underfull \hbox (badness 10000) in paragraph at lines 270--274
\OT1/ptm/m/n/10 vol. 69, no. 8, p. 082005, Apr. 2004, doi:
 []

) [8

] (appendixa.tex
Underfull \hbox (badness 10000) in paragraph at lines 27--30

 []


Underfull \hbox (badness 10000) in paragraph at lines 36--36
[][][][][][]$\OT1/ptm/m/n/8 https : / / docs . scipy . org / doc / scipy / refe
rence / generated / scipy . stats . powerlaw .
 []

<images/powerlaw.png, id=323, 433.62pt x 505.89pt>

LaTeX Warning: `!h' float specifier changed to `!ht'.


Underfull \hbox (badness 10000) in paragraph at lines 44--46

 []


Underfull \hbox (badness 5105) in paragraph at lines 54--55
[]\OT1/ptm/m/n/10 Similar to the power law distribution, the gamma
 []


Underfull \hbox (badness 10000) in paragraph at lines 54--55

 []

<images/gamma.png, id=329, 433.62pt x 505.89pt>
<images/beta1.png, id=330, 433.62pt x 505.89pt>
<images/beta2.png, id=331, 433.62pt x 505.89pt>

Underfull \hbox (badness 2165) in paragraph at lines 82--82
[]\OT1/ptm/m/n/10 Fig. 8: |Beta distribution with fixed $\OML/cmm/m/it/10 $ \O
T1/ptm/m/n/10 and varying $\OML/cmm/m/it/10 ^^L$
 []

) [9

] [10]
(/home/astrophysicsandpython/Dropbox/sirasad/research_paper/auxil/main.aux)
Package rerunfilecheck Info: File `main.out' has not changed.
(rerunfilecheck)             Checksum: 374E3A12FF37E458DE791321D725C958;2816.
 ) 
Here is how much of TeX's memory you used:
 17939 strings out of 477320
 348373 string characters out of 2827486
 686684 words of memory out of 3000000
 38722 multiletter control sequences out of 15000+600000
 514435 words of font info for 110 fonts, out of 8000000 for 9000
 0 hyphenation exceptions out of 8191
 72i,11n,77p,842b,1134s stack positions out of 10000i,1000n,20000p,200000b,80000s
{/home/astrophysicsandpython/.miktex/texmfs/install/fonts/enc/dvips/base/8r.e
nc}</home/astrophysicsandpython/.miktex/texmfs/install/fonts/type1/public/amsfo
nts/cm/cmex10.pfb></home/astrophysicsandpython/.miktex/texmfs/install/fonts/typ
e1/public/amsfonts/cm/cmmi10.pfb></home/astrophysicsandpython/.miktex/texmfs/in
stall/fonts/type1/public/amsfonts/cm/cmmi5.pfb></home/astrophysicsandpython/.mi
ktex/texmfs/install/fonts/type1/public/amsfonts/cm/cmmi7.pfb></home/astrophysic
sandpython/.miktex/texmfs/install/fonts/type1/public/amsfonts/cm/cmmi8.pfb></ho
me/astrophysicsandpython/.miktex/texmfs/install/fonts/type1/public/amsfonts/cm/
cmr10.pfb></home/astrophysicsandpython/.miktex/texmfs/install/fonts/type1/publi
c/amsfonts/cm/cmr7.pfb></home/astrophysicsandpython/.miktex/texmfs/install/font
s/type1/public/amsfonts/cm/cmr8.pfb></home/astrophysicsandpython/.miktex/texmfs
/install/fonts/type1/public/amsfonts/cm/cmsy10.pfb></home/astrophysicsandpython
/.miktex/texmfs/install/fonts/type1/public/amsfonts/cm/cmsy7.pfb></home/astroph
ysicsandpython/.miktex/texmfs/install/fonts/type1/urw/courier/ucrr8a.pfb></home
/astrophysicsandpython/.miktex/texmfs/install/fonts/type1/urw/helvetic/uhvr8a.p
fb></home/astrophysicsandpython/.miktex/texmfs/install/fonts/type1/urw/times/ut
mb8a.pfb></home/astrophysicsandpython/.miktex/texmfs/install/fonts/type1/urw/ti
mes/utmbi8a.pfb></home/astrophysicsandpython/.miktex/texmfs/install/fonts/type1
/urw/times/utmr8a.pfb></home/astrophysicsandpython/.miktex/texmfs/install/fonts
/type1/urw/times/utmri8a.pfb>
Output written on /home/astrophysicsandpython/Dropbox/sirasad/research_paper/ou
t/main.pdf (10 pages, 291305 bytes).
PDF statistics:
 449 PDF objects out of 1000 (max. 8388607)
 115 named destinations out of 1000 (max. 500000)
 190 words of extra memory for PDF output out of 10000 (max. 10000000)

